; OPTIMIZED ORIGINAL
(assign proc (op lookup-variable-value) (const +) (reg env))
(save proc)
(assign val (const 3))
(assign argl (op list) (reg val))
(save argl)
(assign proc (op lookup-variable-value) (const +) (reg env))
(assign val (const 2))
(assign argl (op list) (reg val))
(assign val (const 1))
(assign argl (op cons) (reg val) (reg argl))
(test (op primitive-procedure?) (reg proc))
(branch (label primitive-branch3))
compiled-branch2
(assign continue (label after-call1))
(assign val (op compiled-procedure-entry) (reg proc))
(goto (reg val))
primitive-branch3
(assign val (op apply-primitive-procedure) (reg proc) (reg argl))
after-call1
(restore argl)
(assign argl (op cons) (reg val) (reg argl))
(restore proc)
(test (op primitive-procedure?) (reg proc))
(branch (label primitive-branch6))
compiled-branch5
(assign continue (label after-call4))
(assign val (op compiled-procedure-entry) (reg proc))
(goto (reg val))
primitive-branch6
(assign val (op apply-primitive-procedure) (reg proc) (reg argl))
after-call4
; WASTEFUL VERSION WITH NEW preserving implementation
(save env) ; not necessary
(assign proc (op lookup-variable-value) (const +) (reg env))
(restore env)
(save proc)
(save env) ; not necessary
(assign val (const 3))
(assign argl (op list) (reg val))
(restore env)
(save argl)
(assign proc (op lookup-variable-value) (const +) (reg env))
(save proc) ; not necessary
(assign val (const 2))
(assign argl (op list) (reg val))
(save argl) ; not necessary
(assign val (const 1))
(restore argl)
(assign argl (op cons) (reg val) (reg argl))
(restore proc)
(test (op primitive-procedure?) (reg proc))
(branch (label primitive-branch3))
compiled-branch2
(assign continue (label after-call1))
(assign val (op compiled-procedure-entry) (reg proc))
(goto (reg val))
primitive-branch3
(assign val (op apply-primitive-procedure) (reg proc) (reg argl))
after-call1
(restore argl)
(assign argl (op cons) (reg val) (reg argl))
(restore proc)
(test (op primitive-procedure?) (reg proc))
(branch (label primitive-branch6))
compiled-branch5
(assign continue (label after-call4))
(assign val (op compiled-procedure-entry) (reg proc))
(goto (reg val))
primitive-branch6
(assign val (op apply-primitive-procedure) (reg proc) (reg argl))
after-call4
; IN TOTAL, 6 save operations instead of 2
